<?xml version="1.0" encoding="UTF-8"?>
<testsuite xmlns:xsi="http://www.w3.org/2001/XMLSchema-instance" xsi:noNamespaceSchemaLocation="https://maven.apache.org/surefire/maven-surefire-plugin/xsd/surefire-test-report-3.0.xsd" version="3.0" name="com.itheima.controller.TliasWebManagementApplicationTests" time="3.565" tests="1" errors="0" skipped="0" failures="0">
  <properties>
[...]
</properties>
  <testcase name="contextLoads" classname="com.itheima.controller.TliasWebManagementApplicationTests" time="0.931">
    <system-out><![CDATA[23:31:01.332 [main] INFO org.springframework.test.context.support.AnnotationConfigContextLoaderUtils -- Could not detect default configuration classes for test class [com.itheima.controller.TliasWebManagementApplicationTests]: TliasWebManagementApplicationTests does not declare any static, non-private, non-final, nested classes annotated with @Configuration.
23:31:01.486 [main] INFO org.springframework.boot.test.context.SpringBootTestContextBootstrapper -- Found @SpringBootConfiguration com.itheima.TliasWebManagementApplication for test class com.itheima.controller.TliasWebManagementApplicationTests

  .   ____          _            __ _ _
 /\\ / ___'_ __ _ _(_)_ __  __ _ \ \ \ \
( ( )\___ | '_ | '_| | '_ \/ _` | \ \ \ \
 \\/  ___)| |_)| | | | | || (_| |  ) ) ) )
  '  |____| .__|_| |_|_| |_\__, | / / / /
 =========|_|==============|___/=/_/_/_/
 :: Spring Boot ::                (v3.2.1)

2024-01-02T23:31:01.970+08:00  INFO 17708 --- [           main] c.i.c.TliasWebManagementApplicationTests : Starting TliasWebManagementApplicationTests using Java 17.0.7 with PID 17708 (started by ml102 in C:\develop\GitRepo-practice-code\practice-project-repository\tlias-web-management)
2024-01-02T23:31:01.973+08:00  INFO 17708 --- [           main] c.i.c.TliasWebManagementApplicationTests : No active profile set, falling back to 1 default profile: "default"
2024-01-02T23:31:02.772+08:00  WARN 17708 --- [           main] o.m.s.mapper.ClassPathMapperScanner      : No MyBatis mapper was found in '[com.itheima]' package. Please check your configuration.
Logging initialized using 'class org.apache.ibatis.logging.stdout.StdOutImpl' adapter.
2024-01-02T23:31:03.719+08:00  INFO 17708 --- [           main] c.i.c.TliasWebManagementApplicationTests : Started TliasWebManagementApplicationTests in 2.032 seconds (process running for 3.523)
]]></system-out>
  </testcase>
</testsuite>